Arguments: 
  /usr/local/bin/node /usr/local/Cellar/yarn/1.19.2/libexec/bin/yarn.js

PATH: 
  /opt/local/bin:/opt/local/sbin:/usr/local/bin:/usr/bin:/bin:/usr/sbin:/sbin:/Users/m.soroush/Sites/react-native-theme-provider/node_modules/.bin

Yarn version: 
  1.19.2

Node version: 
  12.16.1

Platform: 
  darwin x64

Trace: 
  SyntaxError: /Users/m.soroush/Sites/react-native-theme-provider/package.json: Unexpected token } in JSON at position 1132
      at JSON.parse (<anonymous>)
      at /usr/local/Cellar/yarn/1.19.2/libexec/lib/cli.js:1625:59
      at Generator.next (<anonymous>)
      at step (/usr/local/Cellar/yarn/1.19.2/libexec/lib/cli.js:304:30)
      at /usr/local/Cellar/yarn/1.19.2/libexec/lib/cli.js:315:13

npm manifest: 
  {
    "name": "@material-native-ui/theme-provider",
    "version": "0.0.3",
    "description": "React Native Theme a abstraction over StyleSheet.",
    "main": "src/index.js",
    "repository": {
      "type": "git",
      "url": "git+https://github.com/material-native-ui/react-native-theme-provider.git"
    },
    "author": "Masoud Soroush",
    "license": "MIT",
    "private": false,
    "files": [
      "src/"
    ],
    "keywords": [
      "StyleSheet",
      "React",
      "Native",
      "react-native",
      "Theme",
      "Paint",
      "Themeable",
      "Styles"
    ],
    "bugs": {
      "url": "https://github.com/material-native-ui/react-native-theme-provider/issues"
    },
    "homepage": "https://github.com/material-native-ui/react-native-theme-provider#readme",
    "scripts": {
      "test": "echo \"Error: no test specified\" && exit 1",
      "build": "babel src --out-dir lib"
    },
    "engines": {
      "node": ">=8.0.0"
    },
    "devDependencies": {
      "@babel/cli": "^7.2.3",
      "@babel/core": "^7.3.4",
      "@babel/plugin-proposal-class-properties": "^7.3.4",
      "@babel/preset-env": "^7.3.4",
      "@callstack/eslint-config": "^3.0.2",
      "eslint": "^5.15.1",
    },
    "sideEffects": false,
    "dependencies": {
      "@material-native-ui/theme-provider": "^0.0.3"
    }
  }

yarn manifest: 
  No manifest

Lockfile: 
  # THIS IS AN AUTOGENERATED FILE. DO NOT EDIT THIS FILE DIRECTLY.
  # yarn lockfile v1
  
  
  "@material-native-ui/theme-provider@^0.0.3":
    version "0.0.3"
    resolved "https://registry.yarnpkg.com/@material-native-ui/theme-provider/-/theme-provider-0.0.3.tgz#a5bc080f2c58e6d56bd634ab5e04e1d9a8ad8ef7"
    integrity sha512-1uCXmHAsy3EgcuuKi2dsXa3BGXpt+YbchDq7lH1gnVCwlB7JsZEzPN8yjy7lnDkxLGTYsHzcj8cMIuWh4RVOuQ==
